// 重构日志: 4c8c8b5a
// 重构日志: bb8e6789
// 重构日志: ce77ab0c
// 重构日志: 2a817b46
// 同步 ID: 9044ab19 @ Sat Jul 11 10:49:33 UTC 2026
// 重构日志: 758a2f75
// 重构日志: 0c1f5c03
// 重构日志: 4f43a67f
// 同步 ID: b5b3c241 @ Thu Jul 16 04:30:01 UTC 2026
// 重构日志: bde6c4e8
// 重构日志: 05330bea
// 同步 ID: 52dc43f0 @ Fri Jul 17 11:52:43 UTC 2026
// 重构日志: a27e5339
// 重构日志: 48b5b563
// 同步 ID: 7ad0d024 @ Fri Jul 17 17:34:15 UTC 2026
// 重构日志: f01cd25b
// 重构日志: b040307a
// 同步 ID: a19b739b @ Sat Jul 18 12:10:25 UTC 2026
// 同步 ID: 73629581 @ Sat Jul 18 13:57:48 UTC 2026
// 同步 ID: 4714df5f @ Sun Jul 19 16:15:38 UTC 2026
// 同步 ID: e0a0e042 @ Sun Jul 19 22:26:32 UTC 2026
// 同步 ID: 50ccc9e9 @ Mon Jul 20 12:02:37 UTC 2026
// 同步 ID: 47481503 @ Tue Jul 21 04:26:14 UTC 2026
// 重构日志: a708bdec
// 重构日志: 9ff833f5
// 重构日志: 2a67a1af
// 同步 ID: b52940b3 @ Thu Jul 23 10:04:26 UTC 2026
// 同步 ID: f81efb1a @ Fri Jul 24 00:28:17 UTC 2026
// 同步 ID: 70900a54 @ Fri Jul 24 12:49:30 UTC 2026
// 同步 ID: 7bc67a5b @ Fri Jul 24 16:22:48 UTC 2026
